<?xml version="1.0" encoding="UTF-8"?>
<!-- Generated by org.testng.reporters.JUnitXMLReporter -->
<testsuite hostname="Anil007-PC" ignored="1" name="Default test" tests="1" failures="0" timestamp="2020-05-25T01:05:37 IST" time="13.853" errors="0">
  <testcase name="traditionalWay" time="0.21" classname="jdk1_8_WithSelenium.RetrievingTextFromAListOfWebElements"/>
  <testcase name="RetrieveTextFromListOfElementUsingStreamAPI" time="0.0" classname="jdk1_8_WithSelenium.RetrievingTextFromAListOfWebElements">
    <ignored/>
  </testcase> <!-- RetrieveTextFromListOfElementUsingStreamAPI -->
</testsuite> <!-- Default test -->
