<?xml version="1.0" encoding="UTF-8"?>
<!-- Generated by org.testng.reporters.JUnitXMLReporter -->
<testsuite ignored="1" hostname="Anil007-PC" failures="0" tests="2" name="Test Parallel" time="39.919" errors="0" timestamp="2020-05-18T19:27:32 IST">
  <testcase classname="ParallelTestNg.ParallelBrowser" name="ChromeBrowser" time="18.673"/>
  <testcase classname="ParallelTestNg.ParallelBrowser" name="FireFoxBrowser" time="39.859"/>
  <testcase classname="ParallelTestNg.ParallelBrowser" name="IEBrowser" time="0.0">
    <ignored/>
  </testcase> <!-- IEBrowser -->
</testsuite> <!-- Test Parallel -->
