<?xml version="1.0" encoding="UTF-8"?>
<testng-results skipped="0" failed="0" ignored="0" total="1" passed="1">
  <reporter-output>
  </reporter-output>
  <suite name="Default suite" duration-ms="12900" started-at="2020-05-25T00:47:05 IST" finished-at="2020-05-25T00:47:18 IST">
    <groups>
    </groups>
    <test name="Default test" duration-ms="12900" started-at="2020-05-25T00:47:05 IST" finished-at="2020-05-25T00:47:18 IST">
      <class name="ajaxHandleExamples.AjaxExample">
        <test-method status="PASS" signature="setUp()[pri:0, instance:ajaxHandleExamples.AjaxExample@53f65459]" name="setUp" is-config="true" duration-ms="10210" started-at="2020-05-25T00:47:05 IST" finished-at="2020-05-25T00:47:15 IST">
          <reporter-output>
          </reporter-output>
        </test-method> <!-- setUp -->
        <test-method status="PASS" signature="test_AjaxExample()[pri:0, instance:ajaxHandleExamples.AjaxExample@53f65459]" name="test_AjaxExample" duration-ms="1899" started-at="2020-05-25T00:47:15 IST" finished-at="2020-05-25T00:47:17 IST">
          <reporter-output>
          </reporter-output>
        </test-method> <!-- test_AjaxExample -->
        <test-method status="PASS" signature="tearDoen()[pri:0, instance:ajaxHandleExamples.AjaxExample@53f65459]" name="tearDoen" is-config="true" duration-ms="742" started-at="2020-05-25T00:47:17 IST" finished-at="2020-05-25T00:47:18 IST">
          <reporter-output>
          </reporter-output>
        </test-method> <!-- tearDoen -->
      </class> <!-- ajaxHandleExamples.AjaxExample -->
    </test> <!-- Default test -->
  </suite> <!-- Default suite -->
</testng-results>
