<?xml version="1.0" encoding="UTF-8"?>
<testng-results skipped="0" failed="0" ignored="1" total="2" passed="1">
  <reporter-output>
  </reporter-output>
  <suite name="Default suite" duration-ms="13853" started-at="2020-05-25T01:05:23 IST" finished-at="2020-05-25T01:05:37 IST">
    <groups>
    </groups>
    <test name="Default test" duration-ms="13853" started-at="2020-05-25T01:05:23 IST" finished-at="2020-05-25T01:05:37 IST">
      <class name="jdk1_8_WithSelenium.RetrievingTextFromAListOfWebElements">
        <test-method status="PASS" signature="setUp()[pri:0, instance:jdk1_8_WithSelenium.RetrievingTextFromAListOfWebElements@15d0c81b]" name="setUp" is-config="true" duration-ms="12823" started-at="2020-05-25T01:05:23 IST" finished-at="2020-05-25T01:05:36 IST">
          <reporter-output>
          </reporter-output>
        </test-method> <!-- setUp -->
        <test-method status="PASS" signature="traditionalWay()[pri:0, instance:jdk1_8_WithSelenium.RetrievingTextFromAListOfWebElements@15d0c81b]" name="traditionalWay" duration-ms="210" started-at="2020-05-25T01:05:36 IST" finished-at="2020-05-25T01:05:36 IST">
          <reporter-output>
          </reporter-output>
        </test-method> <!-- traditionalWay -->
        <test-method status="PASS" signature="tearDown()[pri:0, instance:jdk1_8_WithSelenium.RetrievingTextFromAListOfWebElements@15d0c81b]" name="tearDown" is-config="true" duration-ms="770" started-at="2020-05-25T01:05:36 IST" finished-at="2020-05-25T01:05:37 IST">
          <reporter-output>
          </reporter-output>
        </test-method> <!-- tearDown -->
      </class> <!-- jdk1_8_WithSelenium.RetrievingTextFromAListOfWebElements -->
    </test> <!-- Default test -->
  </suite> <!-- Default suite -->
</testng-results>
